<?xml version="1.0" encoding="UTF-8"?>
<!-- Generated by org.testng.reporters.JUnitReportReporter -->
<testsuite hostname="LAPTOP-P2N3L9Q1" failures="0" tests="2" name="MVN_Pack.DemoMvnTest" time="0.008" errors="0" timestamp="2022-09-15T21:04:41 IST" skipped="0">
  <testcase classname="MVN_Pack.DemoMvnTest" name="demoTest" time="0.001"/>
  <system-out/>
  <testcase classname="MVN_Pack.DemoMvnTest" name="branchTest" time="0.007"/>
  <system-out/>
</testsuite> <!-- MVN_Pack.DemoMvnTest -->
