<?xml version="1.0" encoding="UTF-8"?>
<!-- Generated by org.testng.reporters.JUnitReportReporter -->
<testsuite hostname="LAPTOP-P2N3L9Q1" failures="0" tests="1" name="MVN_Pack.DemoMvnTest" time="0.010" errors="0" timestamp="2022-09-13T11:27:13 IST" skipped="0">
  <testcase classname="MVN_Pack.DemoMvnTest" name="demoTest" time="0.010"/>
  <system-out/>
</testsuite> <!-- MVN_Pack.DemoMvnTest -->
