<?xml version="1.0" encoding="UTF-8"?>
<!-- Generated by org.testng.reporters.JUnitReportReporter -->
<testsuite hostname="LAPTOP-P2N3L9Q1" failures="0" tests="1" name="MVN_Pack.SamplemvnTest" time="0.007" errors="0" timestamp="2022-09-08T12:41:21 IST" skipped="0">
  <testcase classname="MVN_Pack.SamplemvnTest" name="sampleTest" time="0.007"/>
  <system-out/>
</testsuite> <!-- MVN_Pack.SamplemvnTest -->
