<?xml version="1.0" encoding="UTF-8"?>
<!-- Generated by org.testng.reporters.JUnitReportReporter -->
<testsuite hostname="LAPTOP-P2N3L9Q1" failures="0" tests="1" name="DDT.ReadDataFromCmdLineTest" time="0.006" errors="0" timestamp="2022-09-09T11:54:19 IST" skipped="0">
  <testcase classname="DDT.ReadDataFromCmdLineTest" name="readDataCmdLineTest" time="0.006"/>
  <system-out/>
</testsuite> <!-- DDT.ReadDataFromCmdLineTest -->
